[debug] [2017-07-07T00:03:40.061Z] ----------------------------------------------------------------------
[debug] [2017-07-07T00:03:40.063Z] Command:      /usr/local/bin/node /usr/local/bin/firebase deploy
[debug] [2017-07-07T00:03:40.064Z] CLI Version:  3.9.1
[debug] [2017-07-07T00:03:40.064Z] Platform:     darwin
[debug] [2017-07-07T00:03:40.064Z] Node Version: v8.1.2
[debug] [2017-07-07T00:03:40.064Z] Time:         Thu Jul 06 2017 19:03:40 GMT-0500 (CDT)
[debug] [2017-07-07T00:03:40.064Z] ----------------------------------------------------------------------
[debug] 
[debug] [2017-07-07T00:03:40.082Z] > command requires scopes: ["email","openid","https://www.googleapis.com/auth/cloudplatformprojects.readonly","https://www.googleapis.com/auth/firebase","https://www.googleapis.com/auth/cloud-platform"]
[debug] [2017-07-07T00:03:40.082Z] > authorizing via signed-in user
[debug] [2017-07-07T00:03:40.084Z] > refreshing access token with scopes: ["email","https://www.googleapis.com/auth/cloud-platform","https://www.googleapis.com/auth/cloudplatformprojects.readonly","https://www.googleapis.com/auth/firebase","openid"]
[debug] [2017-07-07T00:03:40.085Z] >>> HTTP REQUEST POST https://www.googleapis.com/oauth2/v3/token { refresh_token: '1/gbd1tSHkpYo2_On4PMxvHQlWA2ZUphkO7GLIMZvlLDfpA9vKb4JPa07IxeMMb-eU',
  client_id: '563584335869-fgrhgmd47bqnekij5i8b5pr03ho849e6.apps.googleusercontent.com',
  client_secret: 'j9iVZfS8kkCEFUPaAeJV0sAi',
  grant_type: 'refresh_token',
  scope: 'email https://www.googleapis.com/auth/cloud-platform https://www.googleapis.com/auth/cloudplatformprojects.readonly https://www.googleapis.com/auth/firebase openid' } 
 Thu Jul 06 2017 19:03:40 GMT-0500 (CDT)
[debug] [2017-07-07T00:03:40.281Z] <<< HTTP RESPONSE 200
[debug] [2017-07-07T00:03:40.287Z] >>> HTTP REQUEST GET https://admin.firebase.com/v1/projects/june2017savvycoders-bdb8e  
 Thu Jul 06 2017 19:03:40 GMT-0500 (CDT)
[debug] [2017-07-07T00:03:40.694Z] <<< HTTP RESPONSE 200
[debug] [2017-07-07T00:03:40.695Z] >>> HTTP REQUEST GET https://admin.firebase.com/v1/database/june2017savvycoders-bdb8e/tokens  
 Thu Jul 06 2017 19:03:40 GMT-0500 (CDT)
[debug] [2017-07-07T00:03:41.027Z] <<< HTTP RESPONSE 200
[info] 
[info] === Deploying to 'june2017savvycoders-bdb8e'...
[info] 
[info] i  deploying hosting
[info] i  hosting: preparing . directory for upload...
[debug] [2017-07-07T00:03:42.361Z] >>> HTTP REQUEST PUT https://deploy.firebase.com/v1/hosting/june2017savvycoders-bdb8e/uploads/-KoPLzWmWzGcdwloGGk2?fileCount=556&message=  
 Thu Jul 06 2017 19:03:42 GMT-0500 (CDT)
[debug] [2017-07-07T00:03:50.856Z] <<< HTTP RESPONSE 200
[debug] [2017-07-07T00:03:50.857Z] [hosting] .tgz uploaded successfully, waiting for extraction
